  [1m[35m (1.6ms)[0m  [1m[35mCREATE DATABASE "todolist-app_development" ENCODING = 'unicode'[0m
  ↳ bin/rails:9
  [1m[35m (0.4ms)[0m  [1m[35mCREATE DATABASE "todolist-app_test" ENCODING = 'unicode'[0m
  ↳ bin/rails:9
  [1m[35m (0.2ms)[0m  [1m[34mSELECT pg_try_advisory_lock(34377518426153490)[0m
  ↳ bin/rails:9
  [1m[35m (0.9ms)[0m  [1m[34mSELECT "schema_migrations"."version" FROM "schema_migrations" ORDER BY "schema_migrations"."version" ASC[0m
  ↳ bin/rails:9
Migrating to CreateEmails (20181122133713)
  [1m[35m (0.2ms)[0m  [1m[35mBEGIN[0m
  ↳ bin/rails:9
  [1m[35m (25.3ms)[0m  [1m[35mCREATE TABLE "emails" ("id" bigserial primary key, "object" character varying, "body" text, "read" boolean DEFAULT FALSE, "created_at" timestamp NOT NULL, "updated_at" timestamp NOT NULL)[0m
  ↳ db/migrate/20181122133713_create_emails.rb:3
  [1m[36mActiveRecord::SchemaMigration Create (0.7ms)[0m  [1m[32mINSERT INTO "schema_migrations" ("version") VALUES ($1) RETURNING "version"[0m  [["version", "20181122133713"]]
  ↳ bin/rails:9
  [1m[35m (2.5ms)[0m  [1m[35mCOMMIT[0m
  ↳ bin/rails:9
  [1m[36mActiveRecord::InternalMetadata Load (1.1ms)[0m  [1m[34mSELECT  "ar_internal_metadata".* FROM "ar_internal_metadata" WHERE "ar_internal_metadata"."key" = $1 LIMIT $2[0m  [["key", "environment"], ["LIMIT", 1]]
  ↳ bin/rails:9
  [1m[35m (0.2ms)[0m  [1m[35mBEGIN[0m
  ↳ bin/rails:9
  [1m[35m (0.1ms)[0m  [1m[35mCOMMIT[0m
  ↳ bin/rails:9
  [1m[35m (0.2ms)[0m  [1m[34mSELECT pg_advisory_unlock(34377518426153490)[0m
  ↳ bin/rails:9
  [1m[35m (0.3ms)[0m  [1m[34mSELECT "schema_migrations"."version" FROM "schema_migrations" ORDER BY "schema_migrations"."version" ASC[0m
  ↳ bin/rails:9
  [1m[35m (0.4ms)[0m  [1m[34mSELECT "schema_migrations"."version" FROM "schema_migrations" ORDER BY "schema_migrations"."version" ASC[0m
  ↳ bin/rails:9
  [1m[35m (0.2ms)[0m  [1m[35mBEGIN[0m
  ↳ db/seeds.rb:11
  [1m[36mCategory Create (0.9ms)[0m  [1m[32mINSERT INTO "categories" ("title", "created_at", "updated_at") VALUES ($1, $2, $3) RETURNING "id"[0m  [["title", "Fable"], ["created_at", "2019-02-28 15:24:24.136234"], ["updated_at", "2019-02-28 15:24:24.136234"]]
  ↳ db/seeds.rb:11
  [1m[35m (1.0ms)[0m  [1m[35mCOMMIT[0m
  ↳ db/seeds.rb:11
  [1m[35m (0.2ms)[0m  [1m[35mBEGIN[0m
  ↳ db/seeds.rb:17
  [1m[36mTask Create (1.1ms)[0m  [1m[32mINSERT INTO "tasks" ("created_at", "updated_at", "title", "deadline", "category_id", "image") VALUES ($1, $2, $3, $4, $5, $6) RETURNING "id"[0m  [["created_at", "2019-02-28 15:24:24.152485"], ["updated_at", "2019-02-28 15:24:24.152485"], ["title", "After Many a Summer Dies the Swan"], ["deadline", "2019-03-05 00:00:00"], ["category_id", 1], ["image", "https://robohash.org/excepturivoluptatealias.png?size=300x300&set=set1"]]
  ↳ db/seeds.rb:17
  [1m[35m (2.0ms)[0m  [1m[35mCOMMIT[0m
  ↳ db/seeds.rb:17
  [1m[35m (0.1ms)[0m  [1m[35mBEGIN[0m
  ↳ db/seeds.rb:17
  [1m[36mTask Create (0.3ms)[0m  [1m[32mINSERT INTO "tasks" ("created_at", "updated_at", "title", "deadline", "category_id", "image") VALUES ($1, $2, $3, $4, $5, $6) RETURNING "id"[0m  [["created_at", "2019-02-28 15:24:24.157168"], ["updated_at", "2019-02-28 15:24:24.157168"], ["title", "This Lime Tree Bower"], ["deadline", "2019-03-13 00:00:00"], ["category_id", 1], ["image", "https://robohash.org/repellataccusantiumut.png?size=300x300&set=set1"]]
  ↳ db/seeds.rb:17
  [1m[35m (1.2ms)[0m  [1m[35mCOMMIT[0m
  ↳ db/seeds.rb:17
  [1m[35m (0.1ms)[0m  [1m[35mBEGIN[0m
  ↳ db/seeds.rb:17
  [1m[36mTask Create (0.3ms)[0m  [1m[32mINSERT INTO "tasks" ("created_at", "updated_at", "title", "deadline", "category_id", "image") VALUES ($1, $2, $3, $4, $5, $6) RETURNING "id"[0m  [["created_at", "2019-02-28 15:24:24.159991"], ["updated_at", "2019-02-28 15:24:24.159991"], ["title", "The Skull Beneath the Skin"], ["deadline", "2019-03-16 00:00:00"], ["category_id", 1], ["image", "https://robohash.org/velitaliquidpariatur.png?size=300x300&set=set1"]]
  ↳ db/seeds.rb:17
  [1m[35m (2.1ms)[0m  [1m[35mCOMMIT[0m
  ↳ db/seeds.rb:17
  [1m[35m (0.1ms)[0m  [1m[35mBEGIN[0m
  ↳ db/seeds.rb:11
  [1m[36mCategory Create (0.3ms)[0m  [1m[32mINSERT INTO "categories" ("title", "created_at", "updated_at") VALUES ($1, $2, $3) RETURNING "id"[0m  [["title", "Suspense/Thriller"], ["created_at", "2019-02-28 15:24:24.163605"], ["updated_at", "2019-02-28 15:24:24.163605"]]
  ↳ db/seeds.rb:11
  [1m[35m (1.2ms)[0m  [1m[35mCOMMIT[0m
  ↳ db/seeds.rb:11
  [1m[35m (0.1ms)[0m  [1m[35mBEGIN[0m
  ↳ db/seeds.rb:17
  [1m[36mTask Create (0.3ms)[0m  [1m[32mINSERT INTO "tasks" ("created_at", "updated_at", "title", "deadline", "category_id", "image") VALUES ($1, $2, $3, $4, $5, $6) RETURNING "id"[0m  [["created_at", "2019-02-28 15:24:24.166397"], ["updated_at", "2019-02-28 15:24:24.166397"], ["title", "A Summer Bird-Cage"], ["deadline", "2019-03-06 00:00:00"], ["category_id", 2], ["image", "https://robohash.org/nullaminusimpedit.png?size=300x300&set=set1"]]
  ↳ db/seeds.rb:17
  [1m[35m (2.3ms)[0m  [1m[35mCOMMIT[0m
  ↳ db/seeds.rb:17
  [1m[35m (0.3ms)[0m  [1m[35mBEGIN[0m
  ↳ db/seeds.rb:17
  [1m[36mTask Create (0.7ms)[0m  [1m[32mINSERT INTO "tasks" ("created_at", "updated_at", "title", "deadline", "category_id", "image") VALUES ($1, $2, $3, $4, $5, $6) RETURNING "id"[0m  [["created_at", "2019-02-28 15:24:24.172133"], ["updated_at", "2019-02-28 15:24:24.172133"], ["title", "Tirra Lirra by the River"], ["deadline", "2019-03-10 00:00:00"], ["category_id", 2], ["image", "https://robohash.org/occaecatisapienteearum.png?size=300x300&set=set1"]]
  ↳ db/seeds.rb:17
  [1m[35m (1.2ms)[0m  [1m[35mCOMMIT[0m
  ↳ db/seeds.rb:17
  [1m[35m (0.2ms)[0m  [1m[35mBEGIN[0m
  ↳ db/seeds.rb:17
  [1m[36mTask Create (0.5ms)[0m  [1m[32mINSERT INTO "tasks" ("created_at", "updated_at", "title", "deadline", "category_id", "image") VALUES ($1, $2, $3, $4, $5, $6) RETURNING "id"[0m  [["created_at", "2019-02-28 15:24:24.177624"], ["updated_at", "2019-02-28 15:24:24.177624"], ["title", "The Monkey's Raincoat"], ["deadline", "2019-03-13 00:00:00"], ["category_id", 2], ["image", "https://robohash.org/earumidratione.png?size=300x300&set=set1"]]
  ↳ db/seeds.rb:17
  [1m[35m (2.3ms)[0m  [1m[35mCOMMIT[0m
  ↳ db/seeds.rb:17
  [1m[35m (0.3ms)[0m  [1m[35mBEGIN[0m
  ↳ db/seeds.rb:11
  [1m[36mCategory Create (0.4ms)[0m  [1m[32mINSERT INTO "categories" ("title", "created_at", "updated_at") VALUES ($1, $2, $3) RETURNING "id"[0m  [["title", "Fanfiction"], ["created_at", "2019-02-28 15:24:24.183192"], ["updated_at", "2019-02-28 15:24:24.183192"]]
  ↳ db/seeds.rb:11
  [1m[35m (1.3ms)[0m  [1m[35mCOMMIT[0m
  ↳ db/seeds.rb:11
  [1m[35m (0.2ms)[0m  [1m[35mBEGIN[0m
  ↳ db/seeds.rb:17
  [1m[36mTask Create (0.4ms)[0m  [1m[32mINSERT INTO "tasks" ("created_at", "updated_at", "title", "deadline", "category_id", "image") VALUES ($1, $2, $3, $4, $5, $6) RETURNING "id"[0m  [["created_at", "2019-02-28 15:24:24.187311"], ["updated_at", "2019-02-28 15:24:24.187311"], ["title", "For a Breath I Tarry"], ["deadline", "2019-03-18 00:00:00"], ["category_id", 3], ["image", "https://robohash.org/exaccusantiumodio.png?size=300x300&set=set1"]]
  ↳ db/seeds.rb:17
  [1m[35m (2.2ms)[0m  [1m[35mCOMMIT[0m
  ↳ db/seeds.rb:17
  [1m[35m (0.2ms)[0m  [1m[35mBEGIN[0m
  ↳ db/seeds.rb:17
  [1m[36mTask Create (0.3ms)[0m  [1m[32mINSERT INTO "tasks" ("created_at", "updated_at", "title", "deadline", "category_id", "image") VALUES ($1, $2, $3, $4, $5, $6) RETURNING "id"[0m  [["created_at", "2019-02-28 15:24:24.191706"], ["updated_at", "2019-02-28 15:24:24.191706"], ["title", "Down to a Sunless Sea"], ["deadline", "2019-03-04 00:00:00"], ["category_id", 3], ["image", "https://robohash.org/aliquididexcepturi.png?size=300x300&set=set1"]]
  ↳ db/seeds.rb:17
  [1m[35m (1.1ms)[0m  [1m[35mCOMMIT[0m
  ↳ db/seeds.rb:17
  [1m[35m (0.2ms)[0m  [1m[35mBEGIN[0m
  ↳ db/seeds.rb:17
  [1m[36mTask Create (0.3ms)[0m  [1m[32mINSERT INTO "tasks" ("created_at", "updated_at", "title", "deadline", "category_id", "image") VALUES ($1, $2, $3, $4, $5, $6) RETURNING "id"[0m  [["created_at", "2019-02-28 15:24:24.194779"], ["updated_at", "2019-02-28 15:24:24.194779"], ["title", "Ego Dominus Tuus"], ["deadline", "2019-03-04 00:00:00"], ["category_id", 3], ["image", "https://robohash.org/fugiatetlaboriosam.png?size=300x300&set=set1"]]
  ↳ db/seeds.rb:17
  [1m[35m (2.2ms)[0m  [1m[35mCOMMIT[0m
  ↳ db/seeds.rb:17
  [1m[35m (0.2ms)[0m  [1m[35mBEGIN[0m
  ↳ db/seeds.rb:22
  [1m[36mEmail Create (0.5ms)[0m  [1m[32mINSERT INTO "emails" ("object", "body", "created_at", "updated_at") VALUES ($1, $2, $3, $4) RETURNING "id"[0m  [["object", "Ice Wraith"], ["body", "if you’ve never been through a matter transference beam before you’ve probably lost some salt and protein. The beer you had should have cushioned your system a bit."], ["created_at", "2019-02-28 15:24:24.206361"], ["updated_at", "2019-02-28 15:24:24.206361"]]
  ↳ db/seeds.rb:22
  [1m[35m (1.1ms)[0m  [1m[35mCOMMIT[0m
  ↳ db/seeds.rb:22
  [1m[35m (0.1ms)[0m  [1m[35mBEGIN[0m
  ↳ db/seeds.rb:22
  [1m[36mEmail Create (0.3ms)[0m  [1m[32mINSERT INTO "emails" ("object", "body", "created_at", "updated_at") VALUES ($1, $2, $3, $4) RETURNING "id"[0m  [["object", "Spriggan Earth Mother"], ["body", "It seemed to me that any civilization that had so far lost its head as to need to include a set of detailed instructions for use in a packet of toothpicks, was no longer a civilization in which I could live and stay sane."], ["created_at", "2019-02-28 15:24:24.209500"], ["updated_at", "2019-02-28 15:24:24.209500"]]
  ↳ db/seeds.rb:22
  [1m[35m (2.1ms)[0m  [1m[35mCOMMIT[0m
  ↳ db/seeds.rb:22
  [1m[35m (0.1ms)[0m  [1m[35mBEGIN[0m
  ↳ db/seeds.rb:22
  [1m[36mEmail Create (0.3ms)[0m  [1m[32mINSERT INTO "emails" ("object", "body", "created_at", "updated_at") VALUES ($1, $2, $3, $4) RETURNING "id"[0m  [["object", "Spriggan"], ["body", "...they discovered only a small asteroid inhabited by a solitary old man who claimed repeatedly that nothing was true, though he was later discovered to be lying."], ["created_at", "2019-02-28 15:24:24.213232"], ["updated_at", "2019-02-28 15:24:24.213232"]]
  ↳ db/seeds.rb:22
  [1m[35m (1.0ms)[0m  [1m[35mCOMMIT[0m
  ↳ db/seeds.rb:22
  [1m[35m (0.1ms)[0m  [1m[35mBEGIN[0m
  ↳ db/seeds.rb:22
  [1m[36mEmail Create (0.3ms)[0m  [1m[32mINSERT INTO "emails" ("object", "body", "created_at", "updated_at") VALUES ($1, $2, $3, $4) RETURNING "id"[0m  [["object", "Pit Wolf"], ["body", "Whatever your tastes, Magrathea can cater for you. We are not proud."], ["created_at", "2019-02-28 15:24:24.215837"], ["updated_at", "2019-02-28 15:24:24.215837"]]
  ↳ db/seeds.rb:22
  [1m[35m (2.0ms)[0m  [1m[35mCOMMIT[0m
  ↳ db/seeds.rb:22
  [1m[35m (0.1ms)[0m  [1m[35mBEGIN[0m
  ↳ db/seeds.rb:22
  [1m[36mEmail Create (0.2ms)[0m  [1m[32mINSERT INTO "emails" ("object", "body", "created_at", "updated_at") VALUES ($1, $2, $3, $4) RETURNING "id"[0m  [["object", "Blue Dartwing"], ["body", "Whatever your tastes, Magrathea can cater for you. We are not proud."], ["created_at", "2019-02-28 15:24:24.219449"], ["updated_at", "2019-02-28 15:24:24.219449"]]
  ↳ db/seeds.rb:22
  [1m[35m (1.1ms)[0m  [1m[35mCOMMIT[0m
  ↳ db/seeds.rb:22
  [1m[35m (0.1ms)[0m  [1m[35mBEGIN[0m
  ↳ db/seeds.rb:22
  [1m[36mEmail Create (0.2ms)[0m  [1m[32mINSERT INTO "emails" ("object", "body", "created_at", "updated_at") VALUES ($1, $2, $3, $4) RETURNING "id"[0m  [["object", "Dwarven Centurion"], ["body", "It’s only half completed, I’m afraid – we haven’t even finished burying the artificial dinosaur skeletons in the crust yet."], ["created_at", "2019-02-28 15:24:24.222130"], ["updated_at", "2019-02-28 15:24:24.222130"]]
  ↳ db/seeds.rb:22
  [1m[35m (2.1ms)[0m  [1m[35mCOMMIT[0m
  ↳ db/seeds.rb:22
  [1m[35m (0.1ms)[0m  [1m[35mBEGIN[0m
  ↳ db/seeds.rb:22
  [1m[36mEmail Create (0.3ms)[0m  [1m[32mINSERT INTO "emails" ("object", "body", "created_at", "updated_at") VALUES ($1, $2, $3, $4) RETURNING "id"[0m  [["object", "Horker"], ["body", "They’ve got as much sex appeal as a road accident."], ["created_at", "2019-02-28 15:24:24.225800"], ["updated_at", "2019-02-28 15:24:24.225800"]]
  ↳ db/seeds.rb:22
  [1m[35m (1.2ms)[0m  [1m[35mCOMMIT[0m
  ↳ db/seeds.rb:22
  [1m[35m (0.2ms)[0m  [1m[35mBEGIN[0m
  ↳ db/seeds.rb:22
  [1m[36mEmail Create (0.3ms)[0m  [1m[32mINSERT INTO "emails" ("object", "body", "created_at", "updated_at") VALUES ($1, $2, $3, $4) RETURNING "id"[0m  [["object", "Falmer Nightprowler"], ["body", "Whatever your tastes, Magrathea can cater for you. We are not proud."], ["created_at", "2019-02-28 15:24:24.228597"], ["updated_at", "2019-02-28 15:24:24.228597"]]
  ↳ db/seeds.rb:22
  [1m[35m (2.2ms)[0m  [1m[35mCOMMIT[0m
  ↳ db/seeds.rb:22
  [1m[35m (0.1ms)[0m  [1m[35mBEGIN[0m
  ↳ db/seeds.rb:22
  [1m[36mEmail Create (0.3ms)[0m  [1m[32mINSERT INTO "emails" ("object", "body", "created_at", "updated_at") VALUES ($1, $2, $3, $4) RETURNING "id"[0m  [["object", "Falmer Spellsword"], ["body", "But Mr. Dent, the plans have been available in the local planning office for the last nine months."], ["created_at", "2019-02-28 15:24:24.232426"], ["updated_at", "2019-02-28 15:24:24.232426"]]
  ↳ db/seeds.rb:22
  [1m[35m (1.2ms)[0m  [1m[35mCOMMIT[0m
  ↳ db/seeds.rb:22
  [1m[35m (0.1ms)[0m  [1m[35mBEGIN[0m
  ↳ db/seeds.rb:22
  [1m[36mEmail Create (0.3ms)[0m  [1m[32mINSERT INTO "emails" ("object", "body", "created_at", "updated_at") VALUES ($1, $2, $3, $4) RETURNING "id"[0m  [["object", "Draugr Overlord"], ["body", "In the beginning, the Universe was created. This has made a lot of people very angry and been widely regarded as a bad move."], ["created_at", "2019-02-28 15:24:24.235188"], ["updated_at", "2019-02-28 15:24:24.235188"]]
  ↳ db/seeds.rb:22
  [1m[35m (2.2ms)[0m  [1m[35mCOMMIT[0m
  ↳ db/seeds.rb:22
Started GET "/" for 127.0.0.1 at 2019-02-28 16:25:42 +0100
  [1m[35m (0.5ms)[0m  [1m[34mSELECT "schema_migrations"."version" FROM "schema_migrations" ORDER BY "schema_migrations"."version" ASC[0m
  ↳ /home/bouhlel/.rvm/gems/ruby-2.5.1/gems/activerecord-5.2.1/lib/active_record/log_subscriber.rb:98
Processing by EmailController#index as HTML
  Rendering email/index.html.erb within layouts/application
  [1m[36mEmail Load (0.5ms)[0m  [1m[34mSELECT "emails".* FROM "emails"[0m
  ↳ app/views/email/_list.html.erb:1
  Rendered email/_list.html.erb (17.4ms)
  Rendered email/_list.html.erb (0.4ms)
  Rendered email/index.html.erb within layouts/application (22.1ms)
  Rendered layouts/_navbar.html.erb (2.4ms)
  Rendered layouts/_flash.html.erb (0.3ms)
Completed 200 OK in 4651ms (Views: 4642.4ms | ActiveRecord: 3.3ms)


Started GET "/email/4" for 127.0.0.1 at 2019-02-28 16:25:52 +0100
Processing by EmailController#show as JS
  Parameters: {"id"=>"4"}
  [1m[36mEmail Load (1.3ms)[0m  [1m[34mSELECT  "emails".* FROM "emails" WHERE "emails"."id" = $1 LIMIT $2[0m  [["id", 4], ["LIMIT", 1]]
  ↳ app/controllers/email_controller.rb:9
  [1m[35m (0.4ms)[0m  [1m[35mBEGIN[0m
  ↳ app/controllers/email_controller.rb:10
  [1m[36mEmail Update (1.3ms)[0m  [1m[33mUPDATE "emails" SET "read" = $1, "updated_at" = $2 WHERE "emails"."id" = $3[0m  [["read", true], ["updated_at", "2019-02-28 15:25:52.302065"], ["id", 4]]
  ↳ app/controllers/email_controller.rb:10
  [1m[35m (1.8ms)[0m  [1m[35mCOMMIT[0m
  ↳ app/controllers/email_controller.rb:10
  Rendering email/show.js.erb
  Rendered email/_email.html.erb (2.6ms)
  [1m[36mEmail Load (0.8ms)[0m  [1m[34mSELECT "emails".* FROM "emails"[0m
  ↳ app/views/email/_list.html.erb:1
  Rendered email/_list.html.erb (8.5ms)
  Rendered email/show.js.erb (20.8ms)
Completed 200 OK in 50ms (Views: 23.8ms | ActiveRecord: 6.2ms)


Started GET "/email/9" for 127.0.0.1 at 2019-02-28 16:25:53 +0100
Processing by EmailController#show as JS
  Parameters: {"id"=>"9"}
  [1m[36mEmail Load (0.9ms)[0m  [1m[34mSELECT  "emails".* FROM "emails" WHERE "emails"."id" = $1 LIMIT $2[0m  [["id", 9], ["LIMIT", 1]]
  ↳ app/controllers/email_controller.rb:9
  [1m[35m (0.6ms)[0m  [1m[35mBEGIN[0m
  ↳ app/controllers/email_controller.rb:10
  [1m[36mEmail Update (1.7ms)[0m  [1m[33mUPDATE "emails" SET "read" = $1, "updated_at" = $2 WHERE "emails"."id" = $3[0m  [["read", true], ["updated_at", "2019-02-28 15:25:53.708832"], ["id", 9]]
  ↳ app/controllers/email_controller.rb:10
  [1m[35m (2.7ms)[0m  [1m[35mCOMMIT[0m
  ↳ app/controllers/email_controller.rb:10
  Rendering email/show.js.erb
  Rendered email/_email.html.erb (2.5ms)
  [1m[36mEmail Load (0.8ms)[0m  [1m[34mSELECT "emails".* FROM "emails"[0m
  ↳ app/views/email/_list.html.erb:1
  Rendered email/_list.html.erb (6.6ms)
  Rendered email/show.js.erb (17.6ms)
Completed 200 OK in 42ms (Views: 22.2ms | ActiveRecord: 6.6ms)


Started GET "/email/8" for 127.0.0.1 at 2019-02-28 16:25:54 +0100
Processing by EmailController#show as JS
  Parameters: {"id"=>"8"}
  [1m[36mEmail Load (0.8ms)[0m  [1m[34mSELECT  "emails".* FROM "emails" WHERE "emails"."id" = $1 LIMIT $2[0m  [["id", 8], ["LIMIT", 1]]
  ↳ app/controllers/email_controller.rb:9
  [1m[35m (0.6ms)[0m  [1m[35mBEGIN[0m
  ↳ app/controllers/email_controller.rb:10
  [1m[36mEmail Update (1.8ms)[0m  [1m[33mUPDATE "emails" SET "read" = $1, "updated_at" = $2 WHERE "emails"."id" = $3[0m  [["read", true], ["updated_at", "2019-02-28 15:25:54.540578"], ["id", 8]]
  ↳ app/controllers/email_controller.rb:10
  [1m[35m (1.9ms)[0m  [1m[35mCOMMIT[0m
  ↳ app/controllers/email_controller.rb:10
  Rendering email/show.js.erb
  Rendered email/_email.html.erb (2.4ms)
  [1m[36mEmail Load (1.0ms)[0m  [1m[34mSELECT "emails".* FROM "emails"[0m
  ↳ app/views/email/_list.html.erb:1
  Rendered email/_list.html.erb (8.3ms)
  Rendered email/show.js.erb (20.4ms)
Completed 200 OK in 39ms (Views: 23.5ms | ActiveRecord: 6.1ms)


Started GET "/email/10" for 127.0.0.1 at 2019-02-28 16:25:55 +0100
Processing by EmailController#show as JS
  Parameters: {"id"=>"10"}
  [1m[36mEmail Load (1.0ms)[0m  [1m[34mSELECT  "emails".* FROM "emails" WHERE "emails"."id" = $1 LIMIT $2[0m  [["id", 10], ["LIMIT", 1]]
  ↳ app/controllers/email_controller.rb:9
  [1m[35m (0.3ms)[0m  [1m[35mBEGIN[0m
  ↳ app/controllers/email_controller.rb:10
  [1m[36mEmail Update (1.1ms)[0m  [1m[33mUPDATE "emails" SET "read" = $1, "updated_at" = $2 WHERE "emails"."id" = $3[0m  [["read", true], ["updated_at", "2019-02-28 15:25:55.459503"], ["id", 10]]
  ↳ app/controllers/email_controller.rb:10
  [1m[35m (2.4ms)[0m  [1m[35mCOMMIT[0m
  ↳ app/controllers/email_controller.rb:10
  Rendering email/show.js.erb
  Rendered email/_email.html.erb (1.6ms)
  [1m[36mEmail Load (0.7ms)[0m  [1m[34mSELECT "emails".* FROM "emails"[0m
  ↳ app/views/email/_list.html.erb:1
  Rendered email/_list.html.erb (7.2ms)
  Rendered email/show.js.erb (15.6ms)
Completed 200 OK in 33ms (Views: 17.3ms | ActiveRecord: 5.4ms)


Started GET "/email/7" for 127.0.0.1 at 2019-02-28 16:25:56 +0100
Processing by EmailController#show as JS
  Parameters: {"id"=>"7"}
  [1m[36mEmail Load (1.1ms)[0m  [1m[34mSELECT  "emails".* FROM "emails" WHERE "emails"."id" = $1 LIMIT $2[0m  [["id", 7], ["LIMIT", 1]]
  ↳ app/controllers/email_controller.rb:9
  [1m[35m (0.3ms)[0m  [1m[35mBEGIN[0m
  ↳ app/controllers/email_controller.rb:10
  [1m[36mEmail Update (1.0ms)[0m  [1m[33mUPDATE "emails" SET "read" = $1, "updated_at" = $2 WHERE "emails"."id" = $3[0m  [["read", true], ["updated_at", "2019-02-28 15:25:56.104603"], ["id", 7]]
  ↳ app/controllers/email_controller.rb:10
  [1m[35m (2.0ms)[0m  [1m[35mCOMMIT[0m
  ↳ app/controllers/email_controller.rb:10
  Rendering email/show.js.erb
  Rendered email/_email.html.erb (1.7ms)
  [1m[36mEmail Load (1.2ms)[0m  [1m[34mSELECT "emails".* FROM "emails"[0m
  ↳ app/views/email/_list.html.erb:1
  Rendered email/_list.html.erb (21.1ms)
  Rendered email/show.js.erb (33.2ms)
Completed 200 OK in 56ms (Views: 36.7ms | ActiveRecord: 5.6ms)


Started GET "/email/6" for 127.0.0.1 at 2019-02-28 16:25:56 +0100
Processing by EmailController#show as JS
  Parameters: {"id"=>"6"}
  [1m[36mEmail Load (0.8ms)[0m  [1m[34mSELECT  "emails".* FROM "emails" WHERE "emails"."id" = $1 LIMIT $2[0m  [["id", 6], ["LIMIT", 1]]
  ↳ app/controllers/email_controller.rb:9
  [1m[35m (0.3ms)[0m  [1m[35mBEGIN[0m
  ↳ app/controllers/email_controller.rb:10
  [1m[36mEmail Update (0.9ms)[0m  [1m[33mUPDATE "emails" SET "read" = $1, "updated_at" = $2 WHERE "emails"."id" = $3[0m  [["read", true], ["updated_at", "2019-02-28 15:25:56.657475"], ["id", 6]]
  ↳ app/controllers/email_controller.rb:10
  [1m[35m (1.5ms)[0m  [1m[35mCOMMIT[0m
  ↳ app/controllers/email_controller.rb:10
  Rendering email/show.js.erb
  Rendered email/_email.html.erb (4.3ms)
  [1m[36mEmail Load (1.1ms)[0m  [1m[34mSELECT "emails".* FROM "emails"[0m
  ↳ app/views/email/_list.html.erb:1
  Rendered email/_list.html.erb (13.2ms)
  Rendered email/show.js.erb (26.1ms)
Completed 200 OK in 47ms (Views: 30.7ms | ActiveRecord: 4.6ms)


Started GET "/email/5" for 127.0.0.1 at 2019-02-28 16:25:57 +0100
Processing by EmailController#show as JS
  Parameters: {"id"=>"5"}
  [1m[36mEmail Load (1.1ms)[0m  [1m[34mSELECT  "emails".* FROM "emails" WHERE "emails"."id" = $1 LIMIT $2[0m  [["id", 5], ["LIMIT", 1]]
  ↳ app/controllers/email_controller.rb:9
  [1m[35m (0.4ms)[0m  [1m[35mBEGIN[0m
  ↳ app/controllers/email_controller.rb:10
  [1m[36mEmail Update (1.1ms)[0m  [1m[33mUPDATE "emails" SET "read" = $1, "updated_at" = $2 WHERE "emails"."id" = $3[0m  [["read", true], ["updated_at", "2019-02-28 15:25:57.440802"], ["id", 5]]
  ↳ app/controllers/email_controller.rb:10
  [1m[35m (2.0ms)[0m  [1m[35mCOMMIT[0m
  ↳ app/controllers/email_controller.rb:10
  Rendering email/show.js.erb
  Rendered email/_email.html.erb (3.5ms)
  [1m[36mEmail Load (0.9ms)[0m  [1m[34mSELECT "emails".* FROM "emails"[0m
  ↳ app/views/email/_list.html.erb:1
  Rendered email/_list.html.erb (12.3ms)
  Rendered email/show.js.erb (26.3ms)
Completed 200 OK in 52ms (Views: 30.3ms | ActiveRecord: 5.6ms)


Started GET "/email/3" for 127.0.0.1 at 2019-02-28 16:25:58 +0100
Processing by EmailController#show as JS
  Parameters: {"id"=>"3"}
  [1m[36mEmail Load (0.6ms)[0m  [1m[34mSELECT  "emails".* FROM "emails" WHERE "emails"."id" = $1 LIMIT $2[0m  [["id", 3], ["LIMIT", 1]]
  ↳ app/controllers/email_controller.rb:9
  [1m[35m (0.5ms)[0m  [1m[35mBEGIN[0m
  ↳ app/controllers/email_controller.rb:10
  [1m[36mEmail Update (1.3ms)[0m  [1m[33mUPDATE "emails" SET "read" = $1, "updated_at" = $2 WHERE "emails"."id" = $3[0m  [["read", true], ["updated_at", "2019-02-28 15:25:58.061195"], ["id", 3]]
  ↳ app/controllers/email_controller.rb:10
  [1m[35m (2.4ms)[0m  [1m[35mCOMMIT[0m
  ↳ app/controllers/email_controller.rb:10
  Rendering email/show.js.erb
  Rendered email/_email.html.erb (2.5ms)
  [1m[36mEmail Load (1.4ms)[0m  [1m[34mSELECT "emails".* FROM "emails"[0m
  ↳ app/views/email/_list.html.erb:1
  Rendered email/_list.html.erb (12.3ms)
  Rendered email/show.js.erb (27.1ms)
Completed 200 OK in 51ms (Views: 31.0ms | ActiveRecord: 6.3ms)


Started GET "/email/2" for 127.0.0.1 at 2019-02-28 16:25:58 +0100
Processing by EmailController#show as JS
  Parameters: {"id"=>"2"}
  [1m[36mEmail Load (0.6ms)[0m  [1m[34mSELECT  "emails".* FROM "emails" WHERE "emails"."id" = $1 LIMIT $2[0m  [["id", 2], ["LIMIT", 1]]
  ↳ app/controllers/email_controller.rb:9
  [1m[35m (0.5ms)[0m  [1m[35mBEGIN[0m
  ↳ app/controllers/email_controller.rb:10
  [1m[36mEmail Update (1.4ms)[0m  [1m[33mUPDATE "emails" SET "read" = $1, "updated_at" = $2 WHERE "emails"."id" = $3[0m  [["read", true], ["updated_at", "2019-02-28 15:25:58.955094"], ["id", 2]]
  ↳ app/controllers/email_controller.rb:10
  [1m[35m (1.6ms)[0m  [1m[35mCOMMIT[0m
  ↳ app/controllers/email_controller.rb:10
  Rendering email/show.js.erb
  Rendered email/_email.html.erb (3.2ms)
  [1m[36mEmail Load (1.0ms)[0m  [1m[34mSELECT "emails".* FROM "emails"[0m
  ↳ app/views/email/_list.html.erb:1
  Rendered email/_list.html.erb (9.1ms)
  Rendered email/show.js.erb (23.2ms)
Completed 200 OK in 48ms (Views: 26.3ms | ActiveRecord: 5.1ms)


Started GET "/email/1" for 127.0.0.1 at 2019-02-28 16:26:04 +0100
Processing by EmailController#show as JS
  Parameters: {"id"=>"1"}
  [1m[36mEmail Load (0.6ms)[0m  [1m[34mSELECT  "emails".* FROM "emails" WHERE "emails"."id" = $1 LIMIT $2[0m  [["id", 1], ["LIMIT", 1]]
  ↳ app/controllers/email_controller.rb:9
  [1m[35m (0.2ms)[0m  [1m[35mBEGIN[0m
  ↳ app/controllers/email_controller.rb:10
  [1m[36mEmail Update (0.5ms)[0m  [1m[33mUPDATE "emails" SET "read" = $1, "updated_at" = $2 WHERE "emails"."id" = $3[0m  [["read", true], ["updated_at", "2019-02-28 15:26:04.196468"], ["id", 1]]
  ↳ app/controllers/email_controller.rb:10
  [1m[35m (1.3ms)[0m  [1m[35mCOMMIT[0m
  ↳ app/controllers/email_controller.rb:10
  Rendering email/show.js.erb
  Rendered email/_email.html.erb (0.6ms)
  [1m[36mEmail Load (0.4ms)[0m  [1m[34mSELECT "emails".* FROM "emails"[0m
  ↳ app/views/email/_list.html.erb:1
  Rendered email/_list.html.erb (5.9ms)
  Rendered email/show.js.erb (9.9ms)
Completed 200 OK in 22ms (Views: 10.9ms | ActiveRecord: 3.0ms)


Started GET "/email/2" for 127.0.0.1 at 2019-02-28 16:26:23 +0100
Processing by EmailController#show as JS
  Parameters: {"id"=>"2"}
  [1m[36mEmail Load (0.7ms)[0m  [1m[34mSELECT  "emails".* FROM "emails" WHERE "emails"."id" = $1 LIMIT $2[0m  [["id", 2], ["LIMIT", 1]]
  ↳ app/controllers/email_controller.rb:9
  [1m[35m (0.4ms)[0m  [1m[35mBEGIN[0m
  ↳ app/controllers/email_controller.rb:10
  [1m[35m (0.3ms)[0m  [1m[35mCOMMIT[0m
  ↳ app/controllers/email_controller.rb:10
  Rendering email/show.js.erb
  Rendered email/_email.html.erb (0.8ms)
  [1m[36mEmail Load (0.5ms)[0m  [1m[34mSELECT "emails".* FROM "emails"[0m
  ↳ app/views/email/_list.html.erb:1
  Rendered email/_list.html.erb (5.0ms)
  Rendered email/show.js.erb (10.0ms)
Completed 200 OK in 24ms (Views: 12.8ms | ActiveRecord: 1.9ms)


Started GET "/email/9" for 127.0.0.1 at 2019-02-28 16:26:24 +0100
Processing by EmailController#show as JS
  Parameters: {"id"=>"9"}
  [1m[36mEmail Load (0.6ms)[0m  [1m[34mSELECT  "emails".* FROM "emails" WHERE "emails"."id" = $1 LIMIT $2[0m  [["id", 9], ["LIMIT", 1]]
  ↳ app/controllers/email_controller.rb:9
  [1m[35m (0.4ms)[0m  [1m[35mBEGIN[0m
  ↳ app/controllers/email_controller.rb:10
  [1m[35m (0.4ms)[0m  [1m[35mCOMMIT[0m
  ↳ app/controllers/email_controller.rb:10
  Rendering email/show.js.erb
  Rendered email/_email.html.erb (4.9ms)
  [1m[36mEmail Load (1.0ms)[0m  [1m[34mSELECT "emails".* FROM "emails"[0m
  ↳ app/views/email/_list.html.erb:1
  Rendered email/_list.html.erb (8.9ms)
  Rendered email/show.js.erb (22.5ms)
Completed 200 OK in 40ms (Views: 26.4ms | ActiveRecord: 2.4ms)


Started GET "/email/7" for 127.0.0.1 at 2019-02-28 16:26:26 +0100
Processing by EmailController#show as JS
  Parameters: {"id"=>"7"}
  [1m[36mEmail Load (0.6ms)[0m  [1m[34mSELECT  "emails".* FROM "emails" WHERE "emails"."id" = $1 LIMIT $2[0m  [["id", 7], ["LIMIT", 1]]
  ↳ app/controllers/email_controller.rb:9
  [1m[35m (0.5ms)[0m  [1m[35mBEGIN[0m
  ↳ app/controllers/email_controller.rb:10
  [1m[35m (0.3ms)[0m  [1m[35mCOMMIT[0m
  ↳ app/controllers/email_controller.rb:10
  Rendering email/show.js.erb
  Rendered email/_email.html.erb (4.3ms)
  [1m[36mEmail Load (0.9ms)[0m  [1m[34mSELECT "emails".* FROM "emails"[0m
  ↳ app/views/email/_list.html.erb:1
  Rendered email/_list.html.erb (9.5ms)
  Rendered email/show.js.erb (21.5ms)
Completed 200 OK in 40ms (Views: 26.9ms | ActiveRecord: 2.3ms)


Started GET "/email/7" for 127.0.0.1 at 2019-02-28 16:26:27 +0100
Processing by EmailController#show as JS
  Parameters: {"id"=>"7"}
  [1m[36mEmail Load (1.0ms)[0m  [1m[34mSELECT  "emails".* FROM "emails" WHERE "emails"."id" = $1 LIMIT $2[0m  [["id", 7], ["LIMIT", 1]]
  ↳ app/controllers/email_controller.rb:9
  [1m[35m (0.6ms)[0m  [1m[35mBEGIN[0m
  ↳ app/controllers/email_controller.rb:10
  [1m[35m (1.3ms)[0m  [1m[35mCOMMIT[0m
  ↳ app/controllers/email_controller.rb:10
  Rendering email/show.js.erb
  Rendered email/_email.html.erb (2.8ms)
  [1m[36mEmail Load (0.6ms)[0m  [1m[34mSELECT "emails".* FROM "emails"[0m
  ↳ app/views/email/_list.html.erb:1
  Rendered email/_list.html.erb (8.7ms)
  Rendered email/show.js.erb (17.7ms)
Completed 200 OK in 44ms (Views: 24.2ms | ActiveRecord: 3.4ms)


Started GET "/email/3" for 127.0.0.1 at 2019-02-28 16:26:28 +0100
Processing by EmailController#show as JS
  Parameters: {"id"=>"3"}
  [1m[36mEmail Load (0.9ms)[0m  [1m[34mSELECT  "emails".* FROM "emails" WHERE "emails"."id" = $1 LIMIT $2[0m  [["id", 3], ["LIMIT", 1]]
  ↳ app/controllers/email_controller.rb:9
  [1m[35m (0.4ms)[0m  [1m[35mBEGIN[0m
  ↳ app/controllers/email_controller.rb:10
  [1m[35m (0.4ms)[0m  [1m[35mCOMMIT[0m
  ↳ app/controllers/email_controller.rb:10
  Rendering email/show.js.erb
  Rendered email/_email.html.erb (2.5ms)
  [1m[36mEmail Load (0.8ms)[0m  [1m[34mSELECT "emails".* FROM "emails"[0m
  ↳ app/views/email/_list.html.erb:1
  Rendered email/_list.html.erb (8.5ms)
  Rendered email/show.js.erb (21.2ms)
Completed 200 OK in 39ms (Views: 25.1ms | ActiveRecord: 2.5ms)


Started GET "/email/10" for 127.0.0.1 at 2019-02-28 16:26:29 +0100
Processing by EmailController#show as JS
  Parameters: {"id"=>"10"}
  [1m[36mEmail Load (1.0ms)[0m  [1m[34mSELECT  "emails".* FROM "emails" WHERE "emails"."id" = $1 LIMIT $2[0m  [["id", 10], ["LIMIT", 1]]
  ↳ app/controllers/email_controller.rb:9
  [1m[35m (0.5ms)[0m  [1m[35mBEGIN[0m
  ↳ app/controllers/email_controller.rb:10
  [1m[35m (0.5ms)[0m  [1m[35mCOMMIT[0m
  ↳ app/controllers/email_controller.rb:10
  Rendering email/show.js.erb
  Rendered email/_email.html.erb (2.8ms)
  [1m[36mEmail Load (0.8ms)[0m  [1m[34mSELECT "emails".* FROM "emails"[0m
  ↳ app/views/email/_list.html.erb:1
  Rendered email/_list.html.erb (7.6ms)
  Rendered email/show.js.erb (22.0ms)
Completed 200 OK in 38ms (Views: 25.0ms | ActiveRecord: 2.8ms)


Started DELETE "/email/10" for 127.0.0.1 at 2019-02-28 16:26:31 +0100
Processing by EmailController#destroy as JS
  Parameters: {"id"=>"10"}
  [1m[36mEmail Load (0.6ms)[0m  [1m[34mSELECT  "emails".* FROM "emails" WHERE "emails"."id" = $1 LIMIT $2[0m  [["id", 10], ["LIMIT", 1]]
  ↳ app/controllers/email_controller.rb:18
  [1m[35m (0.4ms)[0m  [1m[35mBEGIN[0m
  ↳ app/controllers/email_controller.rb:18
  [1m[36mEmail Destroy (0.7ms)[0m  [1m[31mDELETE FROM "emails" WHERE "emails"."id" = $1[0m  [["id", 10]]
  ↳ app/controllers/email_controller.rb:18
  [1m[35m (1.4ms)[0m  [1m[35mCOMMIT[0m
  ↳ app/controllers/email_controller.rb:18
  Rendering email/destroy.js.erb
  [1m[36mEmail Load (0.5ms)[0m  [1m[34mSELECT "emails".* FROM "emails"[0m
  ↳ app/views/email/_list.html.erb:1
  Rendered email/_list.html.erb (4.5ms)
  Rendered email/destroy.js.erb (8.8ms)
Completed 200 OK in 25ms (Views: 11.5ms | ActiveRecord: 3.7ms)


Started GET "/email/8" for 127.0.0.1 at 2019-02-28 16:26:33 +0100
Processing by EmailController#show as JS
  Parameters: {"id"=>"8"}
  [1m[36mEmail Load (0.9ms)[0m  [1m[34mSELECT  "emails".* FROM "emails" WHERE "emails"."id" = $1 LIMIT $2[0m  [["id", 8], ["LIMIT", 1]]
  ↳ app/controllers/email_controller.rb:9
  [1m[35m (0.4ms)[0m  [1m[35mBEGIN[0m
  ↳ app/controllers/email_controller.rb:10
  [1m[35m (0.4ms)[0m  [1m[35mCOMMIT[0m
  ↳ app/controllers/email_controller.rb:10
  Rendering email/show.js.erb
  Rendered email/_email.html.erb (2.5ms)
  [1m[36mEmail Load (1.1ms)[0m  [1m[34mSELECT "emails".* FROM "emails"[0m
  ↳ app/views/email/_list.html.erb:1
  Rendered email/_list.html.erb (7.1ms)
  Rendered email/show.js.erb (17.8ms)
Completed 200 OK in 36ms (Views: 22.0ms | ActiveRecord: 2.8ms)


Started GET "/email/4" for 127.0.0.1 at 2019-02-28 16:26:35 +0100
Processing by EmailController#show as JS
  Parameters: {"id"=>"4"}
  [1m[36mEmail Load (1.0ms)[0m  [1m[34mSELECT  "emails".* FROM "emails" WHERE "emails"."id" = $1 LIMIT $2[0m  [["id", 4], ["LIMIT", 1]]
  ↳ app/controllers/email_controller.rb:9
  [1m[35m (0.5ms)[0m  [1m[35mBEGIN[0m
  ↳ app/controllers/email_controller.rb:10
  [1m[35m (0.6ms)[0m  [1m[35mCOMMIT[0m
  ↳ app/controllers/email_controller.rb:10
  Rendering email/show.js.erb
  Rendered email/_email.html.erb (2.6ms)
  [1m[36mEmail Load (0.9ms)[0m  [1m[34mSELECT "emails".* FROM "emails"[0m
  ↳ app/views/email/_list.html.erb:1
  Rendered email/_list.html.erb (10.0ms)
  Rendered email/show.js.erb (22.7ms)
Completed 200 OK in 43ms (Views: 27.9ms | ActiveRecord: 3.0ms)


Started GET "/email/4" for 127.0.0.1 at 2019-02-28 16:26:50 +0100
Processing by EmailController#show as JS
  Parameters: {"id"=>"4"}
  [1m[36mEmail Load (0.6ms)[0m  [1m[34mSELECT  "emails".* FROM "emails" WHERE "emails"."id" = $1 LIMIT $2[0m  [["id", 4], ["LIMIT", 1]]
  ↳ app/controllers/email_controller.rb:9
  [1m[35m (0.7ms)[0m  [1m[35mBEGIN[0m
  ↳ app/controllers/email_controller.rb:10
  [1m[35m (0.5ms)[0m  [1m[35mCOMMIT[0m
  ↳ app/controllers/email_controller.rb:10
  Rendering email/show.js.erb
  Rendered email/_email.html.erb (3.8ms)
  [1m[36mEmail Load (0.9ms)[0m  [1m[34mSELECT "emails".* FROM "emails"[0m
  ↳ app/views/email/_list.html.erb:1
  Rendered email/_list.html.erb (5.7ms)
  Rendered email/show.js.erb (21.7ms)
Completed 200 OK in 39ms (Views: 25.7ms | ActiveRecord: 2.7ms)


Started GET "/email/9" for 127.0.0.1 at 2019-02-28 16:26:51 +0100
Processing by EmailController#show as JS
  Parameters: {"id"=>"9"}
  [1m[36mEmail Load (0.6ms)[0m  [1m[34mSELECT  "emails".* FROM "emails" WHERE "emails"."id" = $1 LIMIT $2[0m  [["id", 9], ["LIMIT", 1]]
  ↳ app/controllers/email_controller.rb:9
  [1m[35m (0.3ms)[0m  [1m[35mBEGIN[0m
  ↳ app/controllers/email_controller.rb:10
  [1m[35m (0.9ms)[0m  [1m[35mCOMMIT[0m
  ↳ app/controllers/email_controller.rb:10
  Rendering email/show.js.erb
  Rendered email/_email.html.erb (2.1ms)
  [1m[36mEmail Load (1.0ms)[0m  [1m[34mSELECT "emails".* FROM "emails"[0m
  ↳ app/views/email/_list.html.erb:1
  Rendered email/_list.html.erb (8.6ms)
  Rendered email/show.js.erb (18.5ms)
Completed 200 OK in 33ms (Views: 21.9ms | ActiveRecord: 2.8ms)


Started GET "/email/6" for 127.0.0.1 at 2019-02-28 16:26:58 +0100
Processing by EmailController#show as JS
  Parameters: {"id"=>"6"}
  [1m[36mEmail Load (0.7ms)[0m  [1m[34mSELECT  "emails".* FROM "emails" WHERE "emails"."id" = $1 LIMIT $2[0m  [["id", 6], ["LIMIT", 1]]
  ↳ app/controllers/email_controller.rb:9
  [1m[35m (0.3ms)[0m  [1m[35mBEGIN[0m
  ↳ app/controllers/email_controller.rb:10
  [1m[35m (0.3ms)[0m  [1m[35mCOMMIT[0m
  ↳ app/controllers/email_controller.rb:10
  Rendering email/show.js.erb
  Rendered email/_email.html.erb (1.8ms)
  [1m[36mEmail Load (0.7ms)[0m  [1m[34mSELECT "emails".* FROM "emails"[0m
  ↳ app/views/email/_list.html.erb:1
  Rendered email/_list.html.erb (4.9ms)
  Rendered email/show.js.erb (11.9ms)
Completed 200 OK in 23ms (Views: 14.3ms | ActiveRecord: 2.0ms)


